<?xml version="1.0" encoding="UTF-8"?>
<testsuite xmlns:xsi="http://www.w3.org/2001/XMLSchema-instance" xsi:noNamespaceSchemaLocation="https://maven.apache.org/surefire/maven-surefire-plugin/xsd/surefire-test-report.xsd" version="3.0.2" name="com.example.sustainable_backend.SustainableBackendApplicationTests" time="7.513" tests="1" errors="0" skipped="0" failures="0">
  <properties>
[...]
</properties>
  <testcase name="contextLoads" classname="com.example.sustainable_backend.SustainableBackendApplicationTests" time="2.167">
    <system-out><![CDATA[07:14:19.638 [main] INFO org.springframework.test.context.support.AnnotationConfigContextLoaderUtils -- Could not detect default configuration classes for test class [com.example.sustainable_backend.SustainableBackendApplicationTests]: SustainableBackendApplicationTests does not declare any static, non-private, non-final, nested classes annotated with @Configuration.
07:14:19.945 [main] INFO org.springframework.boot.test.context.SpringBootTestContextBootstrapper -- Found @SpringBootConfiguration com.example.sustainable_backend.SustainableBackendApplication for test class com.example.sustainable_backend.SustainableBackendApplicationTests
07:14:20.598 [main] INFO org.springframework.boot.devtools.restart.RestartApplicationListener -- Restart disabled due to context in which it is running

  .   ____          _            __ _ _
 /\\ / ___'_ __ _ _(_)_ __  __ _ \ \ \ \
( ( )\___ | '_ | '_| | '_ \/ _` | \ \ \ \
 \\/  ___)| |_)| | | | | || (_| |  ) ) ) )
  '  |____| .__|_| |_|_| |_\__, | / / / /
 =========|_|==============|___/=/_/_/_/

 :: Spring Boot ::                (v3.4.4)

2025-04-13T07:14:21.408-07:00  INFO 24025 --- [sustainable-backend] [           main] c.e.s.SustainableBackendApplicationTests : Starting SustainableBackendApplicationTests using Java 21.0.4 with PID 24025 (started by srida in /Users/srida/Downloads/sustainable-backend)
2025-04-13T07:14:21.410-07:00  INFO 24025 --- [sustainable-backend] [           main] c.e.s.SustainableBackendApplicationTests : No active profile set, falling back to 1 default profile: "default"
2025-04-13T07:14:23.955-07:00  INFO 24025 --- [sustainable-backend] [           main] o.s.b.a.w.s.WelcomePageHandlerMapping    : Adding welcome page: class path resource [static/index.html]
2025-04-13T07:14:24.545-07:00  INFO 24025 --- [sustainable-backend] [           main] c.e.s.SustainableBackendApplicationTests : Started SustainableBackendApplicationTests in 3.98 seconds (process running for 7.737)
]]></system-out>
    <system-err><![CDATA[Mockito is currently self-attaching to enable the inline-mock-maker. This will no longer work in future releases of the JDK. Please add Mockito as an agent to your build what is described in Mockito's documentation: https://javadoc.io/doc/org.mockito/mockito-core/latest/org/mockito/Mockito.html#0.3
WARNING: A Java agent has been loaded dynamically (/Users/srida/.m2/repository/net/bytebuddy/byte-buddy-agent/1.15.11/byte-buddy-agent-1.15.11.jar)
WARNING: If a serviceability tool is in use, please run with -XX:+EnableDynamicAgentLoading to hide this warning
WARNING: If a serviceability tool is not in use, please run with -Djdk.instrument.traceUsage for more information
WARNING: Dynamic loading of agents will be disallowed by default in a future release
]]></system-err>
  </testcase>
</testsuite>